[2025-08-07 13:46:53] Backend service optimization completed
Performance metrics: Response time improved by 38%
Memory usage optimized: 84% reduction
Database queries optimized: 3 queries reduced
---
[2025-08-09 12:20:57] Backend service optimization completed
Performance metrics: Response time improved by 24%
Memory usage optimized: 56% reduction
Database queries optimized: 1 queries reduced
---
[2025-08-11 12:24:22] Backend service optimization completed
Performance metrics: Response time improved by 15%
Memory usage optimized: 13% reduction
Database queries optimized: 5 queries reduced
---
[2025-08-13 12:23:01] Backend service optimization completed
Performance metrics: Response time improved by 15%
Memory usage optimized: 30% reduction
Database queries optimized: 2 queries reduced
---
[2025-08-15 12:21:43] Backend service optimization completed
Performance metrics: Response time improved by 66%
Memory usage optimized: 61% reduction
Database queries optimized: 1 queries reduced
---
[2025-08-17 12:20:43] Backend service optimization completed
Performance metrics: Response time improved by 19%
Memory usage optimized: 20% reduction
Database queries optimized: 1 queries reduced
---
[2025-08-19 12:21:51] Backend service optimization completed
Performance metrics: Response time improved by 19%
Memory usage optimized: 15% reduction
Database queries optimized: 2 queries reduced
---
[2025-08-21 12:21:49] Backend service optimization completed
Performance metrics: Response time improved by 24%
Memory usage optimized: 11% reduction
Database queries optimized: 6 queries reduced
---
[2025-08-23 12:19:10] Backend service optimization completed
Performance metrics: Response time improved by 68%
Memory usage optimized: 13% reduction
Database queries optimized: 7 queries reduced
---
[2025-08-25 12:22:06] Backend service optimization completed
Performance metrics: Response time improved by 17%
Memory usage optimized: 90% reduction
Database queries optimized: 6 queries reduced
---
[2025-08-27 12:21:33] Backend service optimization completed
Performance metrics: Response time improved by 22%
Memory usage optimized: 72% reduction
Database queries optimized: 2 queries reduced
---
[2025-08-29 12:20:54] Backend service optimization completed
Performance metrics: Response time improved by 31%
Memory usage optimized: 14% reduction
Database queries optimized: 1 queries reduced
---
[2025-08-31 12:19:21] Backend service optimization completed
Performance metrics: Response time improved by 29%
Memory usage optimized: 32% reduction
Database queries optimized: 4 queries reduced
---
[2025-09-01 12:21:59] Backend service optimization completed
Performance metrics: Response time improved by 16%
Memory usage optimized: 18% reduction
Database queries optimized: 2 queries reduced
---
[2025-09-03 12:21:03] Backend service optimization completed
Performance metrics: Response time improved by 13%
Memory usage optimized: 22% reduction
Database queries optimized: 1 queries reduced
---
[2025-09-05 12:20:26] Backend service optimization completed
Performance metrics: Response time improved by 15%
Memory usage optimized: 19% reduction
Database queries optimized: 2 queries reduced
---
[2025-09-07 12:18:44] Backend service optimization completed
Performance metrics: Response time improved by 80%
Memory usage optimized: 32% reduction
Database queries optimized: 2 queries reduced
---
[2025-09-09 12:22:54] Backend service optimization completed
Performance metrics: Response time improved by 18%
Memory usage optimized: 17% reduction
Database queries optimized: 2 queries reduced
---
[2025-09-11 12:20:23] Backend service optimization completed
Performance metrics: Response time improved by 26%
Memory usage optimized: 18% reduction
Database queries optimized: 2 queries reduced
---
[2025-09-13 12:18:18] Backend service optimization completed
Performance metrics: Response time improved by 32%
Memory usage optimized: 25% reduction
Database queries optimized: 1 queries reduced
---
[2025-09-15 12:21:31] Backend service optimization completed
Performance metrics: Response time improved by 11%
Memory usage optimized: 69% reduction
Database queries optimized: 1 queries reduced
---
[2025-09-17 12:21:42] Backend service optimization completed
Performance metrics: Response time improved by 14%
Memory usage optimized: 54% reduction
Database queries optimized: 1 queries reduced
---
[2025-09-19 12:21:56] Backend service optimization completed
Performance metrics: Response time improved by 29%
Memory usage optimized: 11% reduction
Database queries optimized: 3 queries reduced
---
